<?xml version="1.0" encoding="UTF-8"?>
<!-- Generated by org.testng.reporters.JUnitReportReporter -->
<testsuite hostname="Rajats-MacBook-Air.local" failures="0" tests="1" name="com.pacakge.rest_assured_framework.GetAllBooksApi" time="2.939" errors="0" timestamp="2025-08-06T15:16:53 IST" skipped="0">
  <testcase classname="com.pacakge.rest_assured_framework.GetAllBooksApi" name="shouldReturnAllBooksSuccessfully" time="2.939"/>
</testsuite> <!-- com.pacakge.rest_assured_framework.GetAllBooksApi -->
