<?xml version="1.0" encoding="UTF-8"?>
<!-- Generated by org.testng.reporters.JUnitReportReporter -->
<testsuite hostname="Rajats-MacBook-Air.local" failures="0" tests="3" name="com.pacakge.rest_assured_framework.DeleteBookApi" time="0.104" errors="0" timestamp="2025-08-18T14:21:31 IST" skipped="0">
  <testcase classname="com.pacakge.rest_assured_framework.DeleteBookApi" name="shouldDeleteBookSuccessfully" time="0.044"/>
  <testcase classname="com.pacakge.rest_assured_framework.DeleteBookApi" name="shouldFailWithInvalidBookId" time="0.030"/>
  <testcase classname="com.pacakge.rest_assured_framework.DeleteBookApi" name="shouldFailWithoutAuthToken" time="0.030"/>
</testsuite> <!-- com.pacakge.rest_assured_framework.DeleteBookApi -->
