<?xml version="1.0" encoding="UTF-8"?>
<!-- Generated by org.testng.reporters.JUnitReportReporter -->
<testsuite hostname="Rajats-MacBook-Air.local" failures="0" tests="4" name="com.pacakge.rest_assured_framework.UpdateBookApi" time="2.735" errors="0" timestamp="2025-08-06T15:57:43 IST" skipped="0">
  <testcase classname="com.pacakge.rest_assured_framework.UpdateBookApi" name="shouldUpdateBookSuccessfully" time="2.610"/>
  <testcase classname="com.pacakge.rest_assured_framework.UpdateBookApi" name="shouldFailToUpdateNonExistingBook" time="0.036"/>
  <testcase classname="com.pacakge.rest_assured_framework.UpdateBookApi" name="shouldFailUpdateWithInvalidData" time="0.047"/>
  <testcase classname="com.pacakge.rest_assured_framework.UpdateBookApi" name="shouldFailUpdateWithEmptyPayload" time="0.042"/>
</testsuite> <!-- com.pacakge.rest_assured_framework.UpdateBookApi -->
