<?xml version="1.0" encoding="UTF-8"?>
<!-- Generated by org.testng.reporters.JUnitReportReporter -->
<testsuite hostname="Rajats-MacBook-Air.local" failures="1" tests="11" name="com.pacakge.rest_assured_framework.LoginApi" time="2.111" errors="0" timestamp="2025-08-18T14:21:31 IST" skipped="0">
  <testcase classname="com.pacakge.rest_assured_framework.LoginApi" name="loginWithValidCredentials" time="0.346"/>
  <testcase classname="com.pacakge.rest_assured_framework.LoginApi" name="loginWithInvalidEmail" time="0.032"/>
  <testcase classname="com.pacakge.rest_assured_framework.LoginApi" name="loginWithInvalidPassword" time="0.282"/>
  <testcase classname="com.pacakge.rest_assured_framework.LoginApi" name="loginWithBlankEmail" time="0.277">
    <failure message="Expected 4xx for blank email expected [true] but found [false]" type="java.lang.AssertionError">
      <![CDATA[java.lang.AssertionError: Expected 4xx for blank email expected [true] but found [false]
at org.testng.Assert.fail(Assert.java:111)
at org.testng.Assert.failNotEquals(Assert.java:1578)
at org.testng.Assert.assertTrue(Assert.java:57)
at com.pacakge.rest_assured_framework.LoginApi.loginWithBlankEmail(LoginApi.java:65)
at java.base/jdk.internal.reflect.NativeMethodAccessorImpl.invoke0(Native Method)
at java.base/jdk.internal.reflect.NativeMethodAccessorImpl.invoke(NativeMethodAccessorImpl.java:64)
at java.base/jdk.internal.reflect.DelegatingMethodAccessorImpl.invoke(DelegatingMethodAccessorImpl.java:43)
at java.base/java.lang.reflect.Method.invoke(Method.java:564)
at org.testng.internal.invokers.MethodInvocationHelper.invokeMethod(MethodInvocationHelper.java:139)
at org.testng.internal.invokers.TestInvoker.invokeMethod(TestInvoker.java:664)
at org.testng.internal.invokers.TestInvoker.invokeTestMethod(TestInvoker.java:228)
at org.testng.internal.invokers.MethodRunner.runInSequence(MethodRunner.java:63)
at org.testng.internal.invokers.TestInvoker$MethodInvocationAgent.invoke(TestInvoker.java:961)
at org.testng.internal.invokers.TestInvoker.invokeTestMethods(TestInvoker.java:201)
at org.testng.internal.invokers.TestMethodWorker.invokeTestMethods(TestMethodWorker.java:148)
at org.testng.internal.invokers.TestMethodWorker.run(TestMethodWorker.java:128)
at java.base/java.util.ArrayList.forEach(ArrayList.java:1511)
at org.testng.TestRunner.privateRun(TestRunner.java:819)
at org.testng.TestRunner.run(TestRunner.java:619)
at org.testng.SuiteRunner.runTest(SuiteRunner.java:443)
at org.testng.SuiteRunner.runSequentially(SuiteRunner.java:437)
at org.testng.SuiteRunner.privateRun(SuiteRunner.java:397)
at org.testng.SuiteRunner.run(SuiteRunner.java:336)
at org.testng.SuiteRunnerWorker.runSuite(SuiteRunnerWorker.java:52)
at org.testng.SuiteRunnerWorker.run(SuiteRunnerWorker.java:95)
at org.testng.TestNG.runSuitesSequentially(TestNG.java:1301)
at org.testng.TestNG.runSuitesLocally(TestNG.java:1228)
at org.testng.TestNG.runSuites(TestNG.java:1134)
at org.testng.TestNG.run(TestNG.java:1101)
at org.testng.remote.AbstractRemoteTestNG.run(AbstractRemoteTestNG.java:115)
at org.testng.remote.RemoteTestNG.initAndRun(RemoteTestNG.java:251)
at org.testng.remote.RemoteTestNG.main(RemoteTestNG.java:77)
]]>
    </failure>
  </testcase> <!-- loginWithBlankEmail -->
  <testcase classname="com.pacakge.rest_assured_framework.LoginApi" name="loginWithBlankPassword" time="0.274"/>
  <testcase classname="com.pacakge.rest_assured_framework.LoginApi" name="loginWithBlankFields" time="0.278"/>
  <testcase classname="com.pacakge.rest_assured_framework.LoginApi" name="loginWithMissingEmailField" time="0.029"/>
  <testcase classname="com.pacakge.rest_assured_framework.LoginApi" name="loginWithMissingPasswordField" time="0.025"/>
  <testcase classname="com.pacakge.rest_assured_framework.LoginApi" name="loginWithExtraField" time="0.274"/>
  <testcase classname="com.pacakge.rest_assured_framework.LoginApi" name="loginWithMalformedJson" time="0.031"/>
  <testcase classname="com.pacakge.rest_assured_framework.LoginApi" name="loginWithSqlInjectionInPassword" time="0.263"/>
</testsuite> <!-- com.pacakge.rest_assured_framework.LoginApi -->
