<?xml version="1.0" encoding="UTF-8"?>
<!-- Generated by org.testng.reporters.JUnitReportReporter -->
<testsuite hostname="Rajats-MacBook-Air.local" failures="0" tests="5" name="com.pacakge.rest_assured_framework.CreateBookApi" time="0.148" errors="0" timestamp="2025-08-18T14:21:31 IST" skipped="0">
  <testcase classname="com.pacakge.rest_assured_framework.CreateBookApi" name="shouldCreateBookSuccessfully" time="0.059"/>
  <testcase classname="com.pacakge.rest_assured_framework.CreateBookApi" name="shouldFailWhenNameIsMissing" time="0.023"/>
  <testcase classname="com.pacakge.rest_assured_framework.CreateBookApi" name="shouldFailWithInvalidPublishedYear" time="0.026"/>
  <testcase classname="com.pacakge.rest_assured_framework.CreateBookApi" name="shouldFailWithDuplicateId" time="0.028"/>
  <testcase classname="com.pacakge.rest_assured_framework.CreateBookApi" name="shouldFailWithEmptyPayload" time="0.012"/>
</testsuite> <!-- com.pacakge.rest_assured_framework.CreateBookApi -->
