<?xml version="1.0" encoding="UTF-8"?>
<!-- Generated by org.testng.reporters.JUnitReportReporter -->
<testsuite hostname="Rajats-MacBook-Air.local" failures="0" tests="5" name="com.pacakge.rest_assured_framework.GetAllBooksApi" time="0.771" errors="0" timestamp="2025-08-18T14:21:31 IST" skipped="0">
  <testcase classname="com.pacakge.rest_assured_framework.GetAllBooksApi" name="shouldReturnAllBooksSuccessfully" time="0.403"/>
  <testcase classname="com.pacakge.rest_assured_framework.GetAllBooksApi" name="shouldFailWithoutAuthToken" time="0.033"/>
  <testcase classname="com.pacakge.rest_assured_framework.GetAllBooksApi" name="shouldFailWithInvalidToken" time="0.024"/>
  <testcase classname="com.pacakge.rest_assured_framework.GetAllBooksApi" name="shouldHaveExpectedFieldsInBooks" time="0.276"/>
  <testcase classname="com.pacakge.rest_assured_framework.GetAllBooksApi" name="shouldReturn404ForInvalidEndpoint" time="0.035"/>
</testsuite> <!-- com.pacakge.rest_assured_framework.GetAllBooksApi -->
