<?xml version="1.0" encoding="UTF-8"?>
<!-- Generated by org.testng.reporters.JUnitReportReporter -->
<testsuite hostname="Rajats-MacBook-Air.local" failures="0" tests="4" name="com.pacakge.rest_assured_framework.GetBookByIdApi" time="2.912" errors="0" timestamp="2025-08-06T15:32:58 IST" skipped="0">
  <testcase classname="com.pacakge.rest_assured_framework.GetBookByIdApi" name="shouldGetBookByIdSuccessfully" time="2.796"/>
  <testcase classname="com.pacakge.rest_assured_framework.GetBookByIdApi" name="shouldReturn404ForInvalidBookId" time="0.040"/>
  <testcase classname="com.pacakge.rest_assured_framework.GetBookByIdApi" name="shouldReturn404ForNegativeBookId" time="0.033"/>
  <testcase classname="com.pacakge.rest_assured_framework.GetBookByIdApi" name="shouldReturn422ForNonNumericBookId" time="0.043"/>
</testsuite> <!-- com.pacakge.rest_assured_framework.GetBookByIdApi -->
