<?xml version="1.0" encoding="UTF-8"?>
<!-- Generated by org.testng.reporters.JUnitReportReporter -->
<testsuite hostname="Rajats-MacBook-Air.local" failures="0" tests="5" name="com.pacakge.rest_assured_framework.HealthCheckAPI" time="2.345" errors="0" timestamp="2025-08-06T11:08:05 IST" skipped="0">
  <testcase classname="com.pacakge.rest_assured_framework.HealthCheckAPI" name="shouldReturnStatus200" time="1.427"/>
  <testcase classname="com.pacakge.rest_assured_framework.HealthCheckAPI" name="shouldContainStatusKey" time="0.305"/>
  <testcase classname="com.pacakge.rest_assured_framework.HealthCheckAPI" name="shouldReturnStatusValueUp" time="0.552"/>
  <testcase classname="com.pacakge.rest_assured_framework.HealthCheckAPI" name="shouldNotAllowPostMethod" time="0.041"/>
  <testcase classname="com.pacakge.rest_assured_framework.HealthCheckAPI" name="shouldReturn404ForInvalidEndpoint" time="0.020"/>
</testsuite> <!-- com.pacakge.rest_assured_framework.HealthCheckAPI -->
