<?xml version="1.0" encoding="UTF-8"?>
<!-- Generated by org.testng.reporters.JUnitReportReporter -->
<testsuite hostname="Rajats-MacBook-Air.local" failures="0" tests="5" name="com.pacakge.rest_assured_framework.HealthCheckAPI" time="2.302" errors="0" timestamp="2025-08-18T14:21:31 IST" skipped="0">
  <testcase classname="com.pacakge.rest_assured_framework.HealthCheckAPI" name="shouldReturnStatus200" time="1.383"/>
  <testcase classname="com.pacakge.rest_assured_framework.HealthCheckAPI" name="shouldContainStatusKey" time="0.296"/>
  <testcase classname="com.pacakge.rest_assured_framework.HealthCheckAPI" name="shouldReturnStatusValueUp" time="0.546"/>
  <testcase classname="com.pacakge.rest_assured_framework.HealthCheckAPI" name="shouldNotAllowPostMethod" time="0.055"/>
  <testcase classname="com.pacakge.rest_assured_framework.HealthCheckAPI" name="shouldReturn404ForInvalidEndpoint" time="0.022"/>
</testsuite> <!-- com.pacakge.rest_assured_framework.HealthCheckAPI -->
