<?xml version="1.0" encoding="UTF-8"?>
<!-- Generated by org.testng.reporters.JUnitReportReporter -->
<testsuite hostname="Rajats-MacBook-Air.local" failures="0" tests="1" name="com.pacakge.rest_assured_framework.LoginApi" time="2.798" errors="0" timestamp="2025-08-06T16:35:28 IST" skipped="0">
  <testcase classname="com.pacakge.rest_assured_framework.LoginApi" name="loginWithValidCredentials" time="2.798"/>
</testsuite> <!-- com.pacakge.rest_assured_framework.LoginApi -->
