<?xml version="1.0" encoding="UTF-8"?>
<!-- Generated by org.testng.reporters.JUnitReportReporter -->
<testsuite hostname="Rajats-MacBook-Air.local" failures="0" tests="5" name="com.pacakge.rest_assured_framework.CreateBookApi" time="3.027" errors="0" timestamp="2025-08-06T15:23:19 IST" skipped="0">
  <testcase classname="com.pacakge.rest_assured_framework.CreateBookApi" name="shouldCreateBookSuccessfully" time="2.828"/>
  <testcase classname="com.pacakge.rest_assured_framework.CreateBookApi" name="shouldFailWhenNameIsMissing" time="0.058"/>
  <testcase classname="com.pacakge.rest_assured_framework.CreateBookApi" name="shouldFailWithInvalidPublishedYear" time="0.044"/>
  <testcase classname="com.pacakge.rest_assured_framework.CreateBookApi" name="shouldFailWithDuplicateId" time="0.062"/>
  <testcase classname="com.pacakge.rest_assured_framework.CreateBookApi" name="shouldFailWithEmptyPayload" time="0.035"/>
</testsuite> <!-- com.pacakge.rest_assured_framework.CreateBookApi -->
